<?xml version="1.0" encoding="UTF-8" standalone="no"?>
<testsuite failures="0" name="cucumber.runtime.formatter.JUnitFormatter" skipped="2" tests="2" time="0">
<testcase classname="Belly" name="a few cukes" time="0">
<skipped><![CDATA[Given I have 80 cukes in my belly...........................................undefined
When I wait 1 hour..........................................................undefined
Then my belly should growl..................................................undefined
]]></skipped>
</testcase>
<testcase classname="Checkout" name="Checkout a banana # checkout.feature: 2" time="0">
<skipped><![CDATA[Given the price of a "banana" is 40c........................................undefined
When I checkout banana "banana".............................................undefined
Then the total price should be 40c..........................................undefined
]]></skipped>
</testcase>
</testsuite>
